\BOOKMARK [-1][-]{part.1}{Elementare Gruppentheorie}{}% 1
\BOOKMARK [0][-]{chapter.1}{Gruppen und Homomorphismen}{part.1}% 2
\BOOKMARK [0][-]{chapter.2}{Normalteiler und Faktorgruppen}{part.1}% 3
\BOOKMARK [0][-]{chapter.3}{Zyklische Gruppen}{part.1}% 4
\BOOKMARK [-1][-]{part.2}{Ringe}{}% 5
\BOOKMARK [0][-]{chapter.4}{Ringe und Ideale}{part.2}% 6
\BOOKMARK [0][-]{chapter.5}{Polynomringe}{part.2}% 7
\BOOKMARK [0][-]{chapter.6}{Primfaktorzerlegung}{part.2}% 8
\BOOKMARK [0][-]{chapter.7}{Lokalisierung}{part.2}% 9
\BOOKMARK [0][-]{chapter.8}{Primfaktorzerlegung in Polynomringen}{part.2}% 10
\BOOKMARK [-1][-]{part.3}{Algebraische K\366rpererweiterungen}{}% 11
\BOOKMARK [0][-]{chapter.9}{Die Charakteristik}{part.3}% 12
\BOOKMARK [0][-]{chapter.10}{Endliche und algebraische K\366rpererweiterungen}{part.3}% 13
\BOOKMARK [0][-]{chapter.11}{Algebraischer Abschluss}{part.3}% 14
\BOOKMARK [0][-]{chapter.12}{Normale K\366rpererweiterungen}{part.3}% 15
\BOOKMARK [0][-]{chapter.13}{Separable K\366rpererweiterungen}{part.3}% 16
\BOOKMARK [0][-]{chapter.14}{Endliche K\366rper}{part.3}% 17
\BOOKMARK [-1][-]{part.4}{Galoistheorie}{}% 18
\BOOKMARK [0][-]{chapter.15}{Galoiserweiterungen}{part.4}% 19
\BOOKMARK [0][-]{chapter.16}{Galoisgruppe von Polynomen}{part.4}% 20
\BOOKMARK [0][-]{chapter.17}{Einheitswurzeln}{part.4}% 21
\BOOKMARK [-1][-]{part.5}{Fortf\374hrung der Gruppentheorie}{}% 22
\BOOKMARK [0][-]{chapter.18}{Gruppenoperationen}{part.5}% 23
\BOOKMARK [0][-]{chapter.19}{Sylowgruppen}{part.5}% 24
\BOOKMARK [0][-]{chapter.20}{Aufl\366sbare Gruppen}{part.5}% 25
