\BOOKMARK [-1][-]{part.1}{Moduln}{}% 1
\BOOKMARK [0][-]{chapter.1}{Grundlagen \374ber Moduln}{part.1}% 2
\BOOKMARK [0][-]{chapter.2}{Exakte Folgen}{part.1}% 3
\BOOKMARK [0][-]{chapter.3}{Noethersche und Artinsche Moduln}{part.1}% 4
\BOOKMARK [-1][-]{part.2}{Homologische Algebra}{}% 5
\BOOKMARK [0][-]{chapter.4}{Kategorien}{part.2}% 6
\BOOKMARK [0][-]{chapter.5}{Abelsche Kategorien}{part.2}% 7
\BOOKMARK [0][-]{chapter.6}{Projektive und injektive Moduln}{part.2}% 8
\BOOKMARK [0][-]{chapter.7}{Komplexe}{part.2}% 9
\BOOKMARK [0][-]{chapter.8}{Abgeleitete Funktoren}{part.2}% 10
\BOOKMARK [0][-]{chapter.9}{delta-Funktoren}{part.2}% 11
\BOOKMARK [0][-]{chapter.10}{Ext und Erweiterungen}{part.2}% 12
\BOOKMARK [-1][-]{part.3}{Kommutative Algebra}{}% 13
\BOOKMARK [0][-]{chapter.11}{Grundlagen}{part.3}% 14
\BOOKMARK [0][-]{chapter.12}{Lokalisierung}{part.3}% 15
\BOOKMARK [0][-]{chapter.13}{Tensorprodukt und flache Moduln}{part.3}% 16
\BOOKMARK [0][-]{chapter.14}{Tor}{part.3}% 17
\BOOKMARK [0][-]{chapter.15}{Ganze Ringerweiterung und Dimension}{part.3}% 18
\BOOKMARK [0][-]{chapter.16}{Direkte und projektive Limiten}{part.3}% 19
\BOOKMARK [0][-]{chapter.17}{Diskrete Bewertungsringe}{part.3}% 20
