\BOOKMARK [1][-]{section.1}{Grundlagen}{}% 1
\BOOKMARK [2][-]{subsection.1.1}{Naive Aussagenlogik}{section.1}% 2
\BOOKMARK [2][-]{subsection.1.2}{Naive Mengenlehre}{section.1}% 3
\BOOKMARK [2][-]{subsection.1.3}{Relationen}{section.1}% 4
\BOOKMARK [2][-]{subsection.1.4}{Abbildungen}{section.1}% 5
\BOOKMARK [2][-]{subsection.1.5}{Gruppen}{section.1}% 6
\BOOKMARK [2][-]{subsection.1.6}{Restklassen}{section.1}% 7
\BOOKMARK [2][-]{subsection.1.7}{Ringe und K\366rper}{section.1}% 8
\BOOKMARK [2][-]{subsection.1.8}{Polynome}{section.1}% 9
\BOOKMARK [1][-]{section.2}{Vektorr\344ume}{}% 10
\BOOKMARK [2][-]{subsection.2.1}{Vektorr\344ume}{section.2}% 11
\BOOKMARK [2][-]{subsection.2.2}{Basis und Dimension}{section.2}% 12
\BOOKMARK [2][-]{subsection.2.3}{Matrizen}{section.2}% 13
\BOOKMARK [2][-]{subsection.2.4}{Summen von Untervektorr\344umen}{section.2}% 14
\BOOKMARK [1][-]{section.3}{Lineare Abbildungen}{}% 15
\BOOKMARK [2][-]{subsection.3.1}{Lineare Abbildungen}{section.3}% 16
\BOOKMARK [2][-]{subsection.3.2}{Faktorr\344ume und der Homomorphiesatz}{section.3}% 17
\BOOKMARK [2][-]{subsection.3.3}{Lineare Gleichungssysteme}{section.3}% 18
\BOOKMARK [2][-]{subsection.3.4}{Lineare Abbildungen und Matrizen}{section.3}% 19
\BOOKMARK [2][-]{subsection.3.5}{Basiswechsel}{section.3}% 20
\BOOKMARK [2][-]{subsection.3.6}{Determinanten}{section.3}% 21
